<?xml version="1.0" encoding="UTF-8"?>
<!-- Generated by org.testng.reporters.JUnitXMLReporter -->
<testsuite ignored="0" hostname="Jaliya" failures="3" tests="4" name="Surefire test" time="38.427" errors="0" timestamp="2025-07-24T15:57:16 IST">
  <testcase classname="tests.FirstTest" name="verifyTitle" time="3.667"/>
  <testcase classname="tests.LoginTest" name="test" time="18.61">
    <failure type="com.microsoft.playwright.impl.TargetClosedError" message="Error {
  message=&amp;apos;Target page, context or browser has been closed
  name=&amp;apos;TargetClosedError
  stack=&amp;apos;TargetClosedError:Target page, context or browser has been closed
Error
    at captureRawStack (C:\Users\mjali\AppData\Local\Temp\playwright-java-17126378196027978920\package\lib\utils\isomorphic\stackTrace.js:32:17)
    at LongStandingScope._race (C:\Users\mjali\AppData\Local\Temp\playwright-java-17126378196027978920\package\lib\utils\isomorphic\manualPromise.js:87:58)
    at LongStandingScope.race (C:\Users\mjali\AppData\Local\Temp\playwright-java-17126378196027978920\package\lib\utils\isomorphic\manualPromise.js:80:17)
    at C:\Users\mjali\AppData\Local\Temp\playwright-java-17126378196027978920\package\lib\utils\isomorphic\manualPromise.js:77:45
    at Array.map (&amp;lt;anonymous&amp;gt;)
    at LongStandingScope.raceMultiple (C:\Users\mjali\AppData\Local\Temp\playwright-java-17126378196027978920\package\lib\utils\isomorphic\manualPromise.js:77:32)
    at Frame.retryWithProgressAndTimeouts (C:\Users\mjali\AppData\Local\Temp\playwright-java-17126378196027978920\package\lib\server\frames.js:877:46)
    at async C:\Users\mjali\AppData\Local\Temp\playwright-java-17126378196027978920\package\lib\server\frames.js:960:29
    at async ProgressController.run (C:\Users\mjali\AppData\Local\Temp\playwright-java-17126378196027978920\package\lib\server\progress.js:80:22)
    at async FrameDispatcher.click (C:\Users\mjali\AppData\Local\Temp\playwright-java-17126378196027978920\package\lib\server\dispatchers\frameDispatcher.js:117:12)
    at async LongStandingScope._race (C:\Users\mjali\AppData\Local\Temp\playwright-java-17126378196027978920\package\lib\utils\isomorphic\manualPromise.js:94:14)
    at async FrameDispatcher._handleCommand (C:\Users\mjali\AppData\Local\Temp\playwright-java-17126378196027978920\package\lib\server\dispatchers\dispatcher.js:90:14)
    at async DispatcherConnection.dispatch (C:\Users\mjali\AppData\Local\Temp\playwright-java-17126378196027978920\package\lib\server\dispatchers\dispatcher.js:309:22)
}
Call log:
-   - waiting for getByRole(AriaRole.LINK, new Page.GetByRoleOptions().setName(&amp;quot;Log Out&amp;quot;))
">
      <![CDATA[com.microsoft.playwright.impl.TargetClosedError: Error {
  message='Target page, context or browser has been closed
  name='TargetClosedError
  stack='TargetClosedError:Target page, context or browser has been closed
Error
    at captureRawStack (C:\Users\mjali\AppData\Local\Temp\playwright-java-17126378196027978920\package\lib\utils\isomorphic\stackTrace.js:32:17)
    at LongStandingScope._race (C:\Users\mjali\AppData\Local\Temp\playwright-java-17126378196027978920\package\lib\utils\isomorphic\manualPromise.js:87:58)
    at LongStandingScope.race (C:\Users\mjali\AppData\Local\Temp\playwright-java-17126378196027978920\package\lib\utils\isomorphic\manualPromise.js:80:17)
    at C:\Users\mjali\AppData\Local\Temp\playwright-java-17126378196027978920\package\lib\utils\isomorphic\manualPromise.js:77:45
    at Array.map (<anonymous>)
    at LongStandingScope.raceMultiple (C:\Users\mjali\AppData\Local\Temp\playwright-java-17126378196027978920\package\lib\utils\isomorphic\manualPromise.js:77:32)
    at Frame.retryWithProgressAndTimeouts (C:\Users\mjali\AppData\Local\Temp\playwright-java-17126378196027978920\package\lib\server\frames.js:877:46)
    at async C:\Users\mjali\AppData\Local\Temp\playwright-java-17126378196027978920\package\lib\server\frames.js:960:29
    at async ProgressController.run (C:\Users\mjali\AppData\Local\Temp\playwright-java-17126378196027978920\package\lib\server\progress.js:80:22)
    at async FrameDispatcher.click (C:\Users\mjali\AppData\Local\Temp\playwright-java-17126378196027978920\package\lib\server\dispatchers\frameDispatcher.js:117:12)
    at async LongStandingScope._race (C:\Users\mjali\AppData\Local\Temp\playwright-java-17126378196027978920\package\lib\utils\isomorphic\manualPromise.js:94:14)
    at async FrameDispatcher._handleCommand (C:\Users\mjali\AppData\Local\Temp\playwright-java-17126378196027978920\package\lib\server\dispatchers\dispatcher.js:90:14)
    at async DispatcherConnection.dispatch (C:\Users\mjali\AppData\Local\Temp\playwright-java-17126378196027978920\package\lib\server\dispatchers\dispatcher.js:309:22)
}
Call log:
-   - waiting for getByRole(AriaRole.LINK, new Page.GetByRoleOptions().setName("Log Out"))

at com.microsoft.playwright.impl.WaitableResult.get(WaitableResult.java:54)
at com.microsoft.playwright.impl.ChannelOwner.runUntil(ChannelOwner.java:138)
at com.microsoft.playwright.impl.Connection.sendMessage(Connection.java:131)
at com.microsoft.playwright.impl.ChannelOwner.sendMessage(ChannelOwner.java:124)
at com.microsoft.playwright.impl.FrameImpl.clickImpl(FrameImpl.java:241)
at com.microsoft.playwright.impl.FrameImpl.click(FrameImpl.java:232)
at com.microsoft.playwright.impl.LocatorImpl.click(LocatorImpl.java:164)
at com.microsoft.playwright.Locator.click(Locator.java:2500)
at tests.LoginTest.test(LoginTest.java:39)
at java.base/java.util.ArrayList.forEach(ArrayList.java:1596)
Caused by: com.microsoft.playwright.impl.TargetClosedError: Error {
  message='Target page, context or browser has been closed
  name='TargetClosedError
  stack='TargetClosedError:Target page, context or browser has been closed
Error
    at captureRawStack (C:\Users\mjali\AppData\Local\Temp\playwright-java-17126378196027978920\package\lib\utils\isomorphic\stackTrace.js:32:17)
    at LongStandingScope._race (C:\Users\mjali\AppData\Local\Temp\playwright-java-17126378196027978920\package\lib\utils\isomorphic\manualPromise.js:87:58)
    at LongStandingScope.race (C:\Users\mjali\AppData\Local\Temp\playwright-java-17126378196027978920\package\lib\utils\isomorphic\manualPromise.js:80:17)
    at C:\Users\mjali\AppData\Local\Temp\playwright-java-17126378196027978920\package\lib\utils\isomorphic\manualPromise.js:77:45
    at Array.map (<anonymous>)
    at LongStandingScope.raceMultiple (C:\Users\mjali\AppData\Local\Temp\playwright-java-17126378196027978920\package\lib\utils\isomorphic\manualPromise.js:77:32)
    at Frame.retryWithProgressAndTimeouts (C:\Users\mjali\AppData\Local\Temp\playwright-java-17126378196027978920\package\lib\server\frames.js:877:46)
    at async C:\Users\mjali\AppData\Local\Temp\playwright-java-17126378196027978920\package\lib\server\frames.js:960:29
    at async ProgressController.run (C:\Users\mjali\AppData\Local\Temp\playwright-java-17126378196027978920\package\lib\server\progress.js:80:22)
    at async FrameDispatcher.click (C:\Users\mjali\AppData\Local\Temp\playwright-java-17126378196027978920\package\lib\server\dispatchers\frameDispatcher.js:117:12)
    at async LongStandingScope._race (C:\Users\mjali\AppData\Local\Temp\playwright-java-17126378196027978920\package\lib\utils\isomorphic\manualPromise.js:94:14)
    at async FrameDispatcher._handleCommand (C:\Users\mjali\AppData\Local\Temp\playwright-java-17126378196027978920\package\lib\server\dispatchers\dispatcher.js:90:14)
    at async DispatcherConnection.dispatch (C:\Users\mjali\AppData\Local\Temp\playwright-java-17126378196027978920\package\lib\server\dispatchers\dispatcher.js:309:22)
}
Call log:
-   - waiting for getByRole(AriaRole.LINK, new Page.GetByRoleOptions().setName("Log Out"))

at com.microsoft.playwright.impl.Connection.dispatch(Connection.java:259)
at com.microsoft.playwright.impl.Connection.processOneMessage(Connection.java:214)
at com.microsoft.playwright.impl.ChannelOwner.runUntil(ChannelOwner.java:136)
... 38 more
... Removed 30 stack frames]]>
    </failure>
  </testcase> <!-- test -->
  <testcase classname="tests.RegisterUserTest" name="test" time="2.445">
    <failure type="com.microsoft.playwright.impl.TargetClosedError" message="Error {
  message=&amp;apos;Target page, context or browser has been closed
  name=&amp;apos;TargetClosedError
  stack=&amp;apos;TargetClosedError:Target page, context or browser has been closed
Error
    at captureRawStack (C:\Users\mjali\AppData\Local\Temp\playwright-java-17126378196027978920\package\lib\utils\isomorphic\stackTrace.js:32:17)
    at LongStandingScope._race (C:\Users\mjali\AppData\Local\Temp\playwright-java-17126378196027978920\package\lib\utils\isomorphic\manualPromise.js:87:58)
    at LongStandingScope.race (C:\Users\mjali\AppData\Local\Temp\playwright-java-17126378196027978920\package\lib\utils\isomorphic\manualPromise.js:80:17)
    at FrameDispatcher._handleCommand (C:\Users\mjali\AppData\Local\Temp\playwright-java-17126378196027978920\package\lib\server\dispatchers\dispatcher.js:90:36)
    at DispatcherConnection.dispatch (C:\Users\mjali\AppData\Local\Temp\playwright-java-17126378196027978920\package\lib\server\dispatchers\dispatcher.js:309:39)
}
Call log:
-   - navigating to &amp;quot;https://parabank.parasoft.com/parabank/index.htm&amp;quot;, waiting until &amp;quot;load&amp;quot;
">
      <![CDATA[com.microsoft.playwright.impl.TargetClosedError: Error {
  message='Target page, context or browser has been closed
  name='TargetClosedError
  stack='TargetClosedError:Target page, context or browser has been closed
Error
    at captureRawStack (C:\Users\mjali\AppData\Local\Temp\playwright-java-17126378196027978920\package\lib\utils\isomorphic\stackTrace.js:32:17)
    at LongStandingScope._race (C:\Users\mjali\AppData\Local\Temp\playwright-java-17126378196027978920\package\lib\utils\isomorphic\manualPromise.js:87:58)
    at LongStandingScope.race (C:\Users\mjali\AppData\Local\Temp\playwright-java-17126378196027978920\package\lib\utils\isomorphic\manualPromise.js:80:17)
    at FrameDispatcher._handleCommand (C:\Users\mjali\AppData\Local\Temp\playwright-java-17126378196027978920\package\lib\server\dispatchers\dispatcher.js:90:36)
    at DispatcherConnection.dispatch (C:\Users\mjali\AppData\Local\Temp\playwright-java-17126378196027978920\package\lib\server\dispatchers\dispatcher.js:309:39)
}
Call log:
-   - navigating to "https://parabank.parasoft.com/parabank/index.htm", waiting until "load"

at com.microsoft.playwright.impl.WaitableResult.get(WaitableResult.java:54)
at com.microsoft.playwright.impl.ChannelOwner.runUntil(ChannelOwner.java:138)
at com.microsoft.playwright.impl.Connection.sendMessage(Connection.java:131)
at com.microsoft.playwright.impl.ChannelOwner.sendMessage(ChannelOwner.java:124)
at com.microsoft.playwright.impl.FrameImpl.navigateImpl(FrameImpl.java:419)
at com.microsoft.playwright.impl.PageImpl.navigate(PageImpl.java:918)
at com.microsoft.playwright.impl.PageImpl.navigate(PageImpl.java:42)
at com.microsoft.playwright.Page.navigate(Page.java:5491)
at tests.RegisterUserTest.test(RegisterUserTest.java:14)
at java.base/java.util.ArrayList.forEach(ArrayList.java:1596)
Caused by: com.microsoft.playwright.impl.TargetClosedError: Error {
  message='Target page, context or browser has been closed
  name='TargetClosedError
  stack='TargetClosedError:Target page, context or browser has been closed
Error
    at captureRawStack (C:\Users\mjali\AppData\Local\Temp\playwright-java-17126378196027978920\package\lib\utils\isomorphic\stackTrace.js:32:17)
    at LongStandingScope._race (C:\Users\mjali\AppData\Local\Temp\playwright-java-17126378196027978920\package\lib\utils\isomorphic\manualPromise.js:87:58)
    at LongStandingScope.race (C:\Users\mjali\AppData\Local\Temp\playwright-java-17126378196027978920\package\lib\utils\isomorphic\manualPromise.js:80:17)
    at FrameDispatcher._handleCommand (C:\Users\mjali\AppData\Local\Temp\playwright-java-17126378196027978920\package\lib\server\dispatchers\dispatcher.js:90:36)
    at DispatcherConnection.dispatch (C:\Users\mjali\AppData\Local\Temp\playwright-java-17126378196027978920\package\lib\server\dispatchers\dispatcher.js:309:39)
}
Call log:
-   - navigating to "https://parabank.parasoft.com/parabank/index.htm", waiting until "load"

at com.microsoft.playwright.impl.Connection.dispatch(Connection.java:259)
at com.microsoft.playwright.impl.Connection.processOneMessage(Connection.java:214)
at com.microsoft.playwright.impl.ChannelOwner.runUntil(ChannelOwner.java:136)
... 38 more
... Removed 30 stack frames]]>
    </failure>
  </testcase> <!-- test -->
  <testcase classname="tests.UpdateUserTest" name="test" time="1.37">
    <failure type="com.microsoft.playwright.PlaywrightException" message="Error {
  message=&amp;apos;net::ERR_ABORTED; maybe frame was detached?
  name=&amp;apos;Error
  stack=&amp;apos;Error: net::ERR_ABORTED; maybe frame was detached?
    at FrameManager.frameAbortedNavigation (C:\Users\mjali\AppData\Local\Temp\playwright-java-17126378196027978920\package\lib\server\frames.js:205:14)
    at FrameManager.requestFailed (C:\Users\mjali\AppData\Local\Temp\playwright-java-17126378196027978920\package\lib\server\frames.js:255:12)
    at CRNetworkManager._onLoadingFailed (C:\Users\mjali\AppData\Local\Temp\playwright-java-17126378196027978920\package\lib\server\chromium\crNetworkManager.js:461:55)
    at CRSession.emit (node:events:518:28)
    at C:\Users\mjali\AppData\Local\Temp\playwright-java-17126378196027978920\package\lib\server\chromium\crConnection.js:138:14
}
Call log:
-   - navigating to &amp;quot;https://parabank.parasoft.com/parabank/index.htm&amp;quot;, waiting until &amp;quot;load&amp;quot;
">
      <![CDATA[com.microsoft.playwright.PlaywrightException: Error {
  message='net::ERR_ABORTED; maybe frame was detached?
  name='Error
  stack='Error: net::ERR_ABORTED; maybe frame was detached?
    at FrameManager.frameAbortedNavigation (C:\Users\mjali\AppData\Local\Temp\playwright-java-17126378196027978920\package\lib\server\frames.js:205:14)
    at FrameManager.requestFailed (C:\Users\mjali\AppData\Local\Temp\playwright-java-17126378196027978920\package\lib\server\frames.js:255:12)
    at CRNetworkManager._onLoadingFailed (C:\Users\mjali\AppData\Local\Temp\playwright-java-17126378196027978920\package\lib\server\chromium\crNetworkManager.js:461:55)
    at CRSession.emit (node:events:518:28)
    at C:\Users\mjali\AppData\Local\Temp\playwright-java-17126378196027978920\package\lib\server\chromium\crConnection.js:138:14
}
Call log:
-   - navigating to "https://parabank.parasoft.com/parabank/index.htm", waiting until "load"

at com.microsoft.playwright.impl.WaitableResult.get(WaitableResult.java:56)
at com.microsoft.playwright.impl.ChannelOwner.runUntil(ChannelOwner.java:138)
at com.microsoft.playwright.impl.Connection.sendMessage(Connection.java:131)
at com.microsoft.playwright.impl.ChannelOwner.sendMessage(ChannelOwner.java:124)
at com.microsoft.playwright.impl.FrameImpl.navigateImpl(FrameImpl.java:419)
at com.microsoft.playwright.impl.PageImpl.navigate(PageImpl.java:918)
at com.microsoft.playwright.impl.PageImpl.navigate(PageImpl.java:42)
at com.microsoft.playwright.Page.navigate(Page.java:5491)
at tests.UpdateUserTest.test(UpdateUserTest.java:14)
at java.base/java.util.ArrayList.forEach(ArrayList.java:1596)
Caused by: com.microsoft.playwright.impl.DriverException: Error {
  message='net::ERR_ABORTED; maybe frame was detached?
  name='Error
  stack='Error: net::ERR_ABORTED; maybe frame was detached?
    at FrameManager.frameAbortedNavigation (C:\Users\mjali\AppData\Local\Temp\playwright-java-17126378196027978920\package\lib\server\frames.js:205:14)
    at FrameManager.requestFailed (C:\Users\mjali\AppData\Local\Temp\playwright-java-17126378196027978920\package\lib\server\frames.js:255:12)
    at CRNetworkManager._onLoadingFailed (C:\Users\mjali\AppData\Local\Temp\playwright-java-17126378196027978920\package\lib\server\chromium\crNetworkManager.js:461:55)
    at CRSession.emit (node:events:518:28)
    at C:\Users\mjali\AppData\Local\Temp\playwright-java-17126378196027978920\package\lib\server\chromium\crConnection.js:138:14
}
Call log:
-   - navigating to "https://parabank.parasoft.com/parabank/index.htm", waiting until "load"

at com.microsoft.playwright.impl.Connection.dispatch(Connection.java:262)
at com.microsoft.playwright.impl.Connection.processOneMessage(Connection.java:214)
at com.microsoft.playwright.impl.ChannelOwner.runUntil(ChannelOwner.java:136)
... 38 more
... Removed 30 stack frames]]>
    </failure>
  </testcase> <!-- test -->
</testsuite> <!-- Surefire test -->
