<?xml version="1.0" encoding="UTF-8"?>
<testsuite xmlns:xsi="http://www.w3.org/2001/XMLSchema-instance" xsi:noNamespaceSchemaLocation="https://maven.apache.org/surefire/maven-surefire-plugin/xsd/surefire-test-report-3.0.xsd" version="3.0" name="TestSuite" time="38.897" tests="4" errors="0" skipped="0" failures="3">
  <properties>
[...]
</properties>
  <testcase name="verifyTitle" classname="tests.FirstTest" time="3.668">
    <system-out><![CDATA[The Page Title is:--ParaBank | Welcome | Online Banking
]]></system-out>
    <system-err><![CDATA[SLF4J(W): No SLF4J providers were found.
SLF4J(W): Defaulting to no-operation (NOP) logger implementation
SLF4J(W): See https://www.slf4j.org/codes.html#noProviders for further details.
]]></system-err>
  </testcase>
  <testcase name="test" classname="tests.LoginTest" time="18.609">
    <failure message="Error {&#10;  message=&apos;Target page, context or browser has been closed&#10;  name=&apos;TargetClosedError&#10;  stack=&apos;TargetClosedError:Target page, context or browser has been closed&#10;Error&#10;    at captureRawStack (C:\Users\mjali\AppData\Local\Temp\playwright-java-17126378196027978920\package\lib\utils\isomorphic\stackTrace.js:32:17)&#10;    at LongStandingScope._race (C:\Users\mjali\AppData\Local\Temp\playwright-java-17126378196027978920\package\lib\utils\isomorphic\manualPromise.js:87:58)&#10;    at LongStandingScope.race (C:\Users\mjali\AppData\Local\Temp\playwright-java-17126378196027978920\package\lib\utils\isomorphic\manualPromise.js:80:17)&#10;    at C:\Users\mjali\AppData\Local\Temp\playwright-java-17126378196027978920\package\lib\utils\isomorphic\manualPromise.js:77:45&#10;    at Array.map (&lt;anonymous&gt;)&#10;    at LongStandingScope.raceMultiple (C:\Users\mjali\AppData\Local\Temp\playwright-java-17126378196027978920\package\lib\utils\isomorphic\manualPromise.js:77:32)&#10;    at Frame.retryWithProgressAndTimeouts (C:\Users\mjali\AppData\Local\Temp\playwright-java-17126378196027978920\package\lib\server\frames.js:877:46)&#10;    at async C:\Users\mjali\AppData\Local\Temp\playwright-java-17126378196027978920\package\lib\server\frames.js:960:29&#10;    at async ProgressController.run (C:\Users\mjali\AppData\Local\Temp\playwright-java-17126378196027978920\package\lib\server\progress.js:80:22)&#10;    at async FrameDispatcher.click (C:\Users\mjali\AppData\Local\Temp\playwright-java-17126378196027978920\package\lib\server\dispatchers\frameDispatcher.js:117:12)&#10;    at async LongStandingScope._race (C:\Users\mjali\AppData\Local\Temp\playwright-java-17126378196027978920\package\lib\utils\isomorphic\manualPromise.js:94:14)&#10;    at async FrameDispatcher._handleCommand (C:\Users\mjali\AppData\Local\Temp\playwright-java-17126378196027978920\package\lib\server\dispatchers\dispatcher.js:90:14)&#10;    at async DispatcherConnection.dispatch (C:\Users\mjali\AppData\Local\Temp\playwright-java-17126378196027978920\package\lib\server\dispatchers\dispatcher.js:309:22)&#10;}&#10;Call log:&#10;-   - waiting for getByRole(AriaRole.LINK, new Page.GetByRoleOptions().setName(&quot;Log Out&quot;))&#10;" type="com.microsoft.playwright.impl.TargetClosedError"><![CDATA[com.microsoft.playwright.impl.TargetClosedError: 
Error {
  message='Target page, context or browser has been closed
  name='TargetClosedError
  stack='TargetClosedError:Target page, context or browser has been closed
Error
    at captureRawStack (C:\Users\mjali\AppData\Local\Temp\playwright-java-17126378196027978920\package\lib\utils\isomorphic\stackTrace.js:32:17)
    at LongStandingScope._race (C:\Users\mjali\AppData\Local\Temp\playwright-java-17126378196027978920\package\lib\utils\isomorphic\manualPromise.js:87:58)
    at LongStandingScope.race (C:\Users\mjali\AppData\Local\Temp\playwright-java-17126378196027978920\package\lib\utils\isomorphic\manualPromise.js:80:17)
    at C:\Users\mjali\AppData\Local\Temp\playwright-java-17126378196027978920\package\lib\utils\isomorphic\manualPromise.js:77:45
    at Array.map (<anonymous>)
    at LongStandingScope.raceMultiple (C:\Users\mjali\AppData\Local\Temp\playwright-java-17126378196027978920\package\lib\utils\isomorphic\manualPromise.js:77:32)
    at Frame.retryWithProgressAndTimeouts (C:\Users\mjali\AppData\Local\Temp\playwright-java-17126378196027978920\package\lib\server\frames.js:877:46)
    at async C:\Users\mjali\AppData\Local\Temp\playwright-java-17126378196027978920\package\lib\server\frames.js:960:29
    at async ProgressController.run (C:\Users\mjali\AppData\Local\Temp\playwright-java-17126378196027978920\package\lib\server\progress.js:80:22)
    at async FrameDispatcher.click (C:\Users\mjali\AppData\Local\Temp\playwright-java-17126378196027978920\package\lib\server\dispatchers\frameDispatcher.js:117:12)
    at async LongStandingScope._race (C:\Users\mjali\AppData\Local\Temp\playwright-java-17126378196027978920\package\lib\utils\isomorphic\manualPromise.js:94:14)
    at async FrameDispatcher._handleCommand (C:\Users\mjali\AppData\Local\Temp\playwright-java-17126378196027978920\package\lib\server\dispatchers\dispatcher.js:90:14)
    at async DispatcherConnection.dispatch (C:\Users\mjali\AppData\Local\Temp\playwright-java-17126378196027978920\package\lib\server\dispatchers\dispatcher.js:309:22)
}
Call log:
-   - waiting for getByRole(AriaRole.LINK, new Page.GetByRoleOptions().setName("Log Out"))

	at com.microsoft.playwright.impl.WaitableResult.get(WaitableResult.java:54)
	at com.microsoft.playwright.impl.ChannelOwner.runUntil(ChannelOwner.java:138)
	at com.microsoft.playwright.impl.Connection.sendMessage(Connection.java:131)
	at com.microsoft.playwright.impl.ChannelOwner.sendMessage(ChannelOwner.java:124)
	at com.microsoft.playwright.impl.FrameImpl.clickImpl(FrameImpl.java:241)
	at com.microsoft.playwright.impl.FrameImpl.click(FrameImpl.java:232)
	at com.microsoft.playwright.impl.LocatorImpl.click(LocatorImpl.java:164)
	at com.microsoft.playwright.Locator.click(Locator.java:2500)
	at tests.LoginTest.test(LoginTest.java:39)
	at java.base/jdk.internal.reflect.DirectMethodHandleAccessor.invoke(DirectMethodHandleAccessor.java:103)
	at java.base/java.lang.reflect.Method.invoke(Method.java:580)
	at org.testng.internal.invokers.MethodInvocationHelper.invokeMethod(MethodInvocationHelper.java:141)
	at org.testng.internal.invokers.TestInvoker.invokeMethod(TestInvoker.java:687)
	at org.testng.internal.invokers.TestInvoker.invokeTestMethod(TestInvoker.java:230)
	at org.testng.internal.invokers.MethodRunner.runInSequence(MethodRunner.java:63)
	at org.testng.internal.invokers.TestInvoker$MethodInvocationAgent.invoke(TestInvoker.java:995)
	at org.testng.internal.invokers.TestInvoker.invokeTestMethods(TestInvoker.java:203)
	at org.testng.internal.invokers.TestMethodWorker.invokeTestMethods(TestMethodWorker.java:154)
	at org.testng.internal.invokers.TestMethodWorker.run(TestMethodWorker.java:134)
	at java.base/java.util.ArrayList.forEach(ArrayList.java:1596)
	at org.testng.TestRunner.privateRun(TestRunner.java:741)
	at org.testng.TestRunner.run(TestRunner.java:616)
	at org.testng.SuiteRunner.runTest(SuiteRunner.java:421)
	at org.testng.SuiteRunner.runSequentially(SuiteRunner.java:413)
	at org.testng.SuiteRunner.privateRun(SuiteRunner.java:373)
	at org.testng.SuiteRunner.run(SuiteRunner.java:312)
	at org.testng.SuiteRunnerWorker.runSuite(SuiteRunnerWorker.java:52)
	at org.testng.SuiteRunnerWorker.run(SuiteRunnerWorker.java:95)
	at org.testng.TestNG.runSuitesSequentially(TestNG.java:1274)
	at org.testng.TestNG.runSuitesLocally(TestNG.java:1208)
	at org.testng.TestNG.runSuites(TestNG.java:1112)
	at org.testng.TestNG.run(TestNG.java:1079)
	at org.apache.maven.surefire.testng.TestNGExecutor.run(TestNGExecutor.java:155)
	at org.apache.maven.surefire.testng.TestNGDirectoryTestSuite.executeMulti(TestNGDirectoryTestSuite.java:169)
	at org.apache.maven.surefire.testng.TestNGDirectoryTestSuite.execute(TestNGDirectoryTestSuite.java:88)
	at org.apache.maven.surefire.testng.TestNGProvider.invoke(TestNGProvider.java:137)
	at org.apache.maven.surefire.booter.ForkedBooter.runSuitesInProcess(ForkedBooter.java:385)
	at org.apache.maven.surefire.booter.ForkedBooter.execute(ForkedBooter.java:162)
	at org.apache.maven.surefire.booter.ForkedBooter.run(ForkedBooter.java:507)
	at org.apache.maven.surefire.booter.ForkedBooter.main(ForkedBooter.java:495)
Caused by: com.microsoft.playwright.impl.TargetClosedError: Error {
  message='Target page, context or browser has been closed
  name='TargetClosedError
  stack='TargetClosedError:Target page, context or browser has been closed
Error
    at captureRawStack (C:\Users\mjali\AppData\Local\Temp\playwright-java-17126378196027978920\package\lib\utils\isomorphic\stackTrace.js:32:17)
    at LongStandingScope._race (C:\Users\mjali\AppData\Local\Temp\playwright-java-17126378196027978920\package\lib\utils\isomorphic\manualPromise.js:87:58)
    at LongStandingScope.race (C:\Users\mjali\AppData\Local\Temp\playwright-java-17126378196027978920\package\lib\utils\isomorphic\manualPromise.js:80:17)
    at C:\Users\mjali\AppData\Local\Temp\playwright-java-17126378196027978920\package\lib\utils\isomorphic\manualPromise.js:77:45
    at Array.map (<anonymous>)
    at LongStandingScope.raceMultiple (C:\Users\mjali\AppData\Local\Temp\playwright-java-17126378196027978920\package\lib\utils\isomorphic\manualPromise.js:77:32)
    at Frame.retryWithProgressAndTimeouts (C:\Users\mjali\AppData\Local\Temp\playwright-java-17126378196027978920\package\lib\server\frames.js:877:46)
    at async C:\Users\mjali\AppData\Local\Temp\playwright-java-17126378196027978920\package\lib\server\frames.js:960:29
    at async ProgressController.run (C:\Users\mjali\AppData\Local\Temp\playwright-java-17126378196027978920\package\lib\server\progress.js:80:22)
    at async FrameDispatcher.click (C:\Users\mjali\AppData\Local\Temp\playwright-java-17126378196027978920\package\lib\server\dispatchers\frameDispatcher.js:117:12)
    at async LongStandingScope._race (C:\Users\mjali\AppData\Local\Temp\playwright-java-17126378196027978920\package\lib\utils\isomorphic\manualPromise.js:94:14)
    at async FrameDispatcher._handleCommand (C:\Users\mjali\AppData\Local\Temp\playwright-java-17126378196027978920\package\lib\server\dispatchers\dispatcher.js:90:14)
    at async DispatcherConnection.dispatch (C:\Users\mjali\AppData\Local\Temp\playwright-java-17126378196027978920\package\lib\server\dispatchers\dispatcher.js:309:22)
}
Call log:
-   - waiting for getByRole(AriaRole.LINK, new Page.GetByRoleOptions().setName("Log Out"))

	at com.microsoft.playwright.impl.Connection.dispatch(Connection.java:259)
	at com.microsoft.playwright.impl.Connection.processOneMessage(Connection.java:214)
	at com.microsoft.playwright.impl.ChannelOwner.runUntil(ChannelOwner.java:136)
	... 38 more
]]></failure>
  </testcase>
  <testcase name="test" classname="tests.RegisterUserTest" time="2.445">
    <failure message="Error {&#10;  message=&apos;Target page, context or browser has been closed&#10;  name=&apos;TargetClosedError&#10;  stack=&apos;TargetClosedError:Target page, context or browser has been closed&#10;Error&#10;    at captureRawStack (C:\Users\mjali\AppData\Local\Temp\playwright-java-17126378196027978920\package\lib\utils\isomorphic\stackTrace.js:32:17)&#10;    at LongStandingScope._race (C:\Users\mjali\AppData\Local\Temp\playwright-java-17126378196027978920\package\lib\utils\isomorphic\manualPromise.js:87:58)&#10;    at LongStandingScope.race (C:\Users\mjali\AppData\Local\Temp\playwright-java-17126378196027978920\package\lib\utils\isomorphic\manualPromise.js:80:17)&#10;    at FrameDispatcher._handleCommand (C:\Users\mjali\AppData\Local\Temp\playwright-java-17126378196027978920\package\lib\server\dispatchers\dispatcher.js:90:36)&#10;    at DispatcherConnection.dispatch (C:\Users\mjali\AppData\Local\Temp\playwright-java-17126378196027978920\package\lib\server\dispatchers\dispatcher.js:309:39)&#10;}&#10;Call log:&#10;-   - navigating to &quot;https://parabank.parasoft.com/parabank/index.htm&quot;, waiting until &quot;load&quot;&#10;" type="com.microsoft.playwright.impl.TargetClosedError"><![CDATA[com.microsoft.playwright.impl.TargetClosedError: 
Error {
  message='Target page, context or browser has been closed
  name='TargetClosedError
  stack='TargetClosedError:Target page, context or browser has been closed
Error
    at captureRawStack (C:\Users\mjali\AppData\Local\Temp\playwright-java-17126378196027978920\package\lib\utils\isomorphic\stackTrace.js:32:17)
    at LongStandingScope._race (C:\Users\mjali\AppData\Local\Temp\playwright-java-17126378196027978920\package\lib\utils\isomorphic\manualPromise.js:87:58)
    at LongStandingScope.race (C:\Users\mjali\AppData\Local\Temp\playwright-java-17126378196027978920\package\lib\utils\isomorphic\manualPromise.js:80:17)
    at FrameDispatcher._handleCommand (C:\Users\mjali\AppData\Local\Temp\playwright-java-17126378196027978920\package\lib\server\dispatchers\dispatcher.js:90:36)
    at DispatcherConnection.dispatch (C:\Users\mjali\AppData\Local\Temp\playwright-java-17126378196027978920\package\lib\server\dispatchers\dispatcher.js:309:39)
}
Call log:
-   - navigating to "https://parabank.parasoft.com/parabank/index.htm", waiting until "load"

	at com.microsoft.playwright.impl.WaitableResult.get(WaitableResult.java:54)
	at com.microsoft.playwright.impl.ChannelOwner.runUntil(ChannelOwner.java:138)
	at com.microsoft.playwright.impl.Connection.sendMessage(Connection.java:131)
	at com.microsoft.playwright.impl.ChannelOwner.sendMessage(ChannelOwner.java:124)
	at com.microsoft.playwright.impl.FrameImpl.navigateImpl(FrameImpl.java:419)
	at com.microsoft.playwright.impl.PageImpl.navigate(PageImpl.java:918)
	at com.microsoft.playwright.impl.PageImpl.navigate(PageImpl.java:42)
	at com.microsoft.playwright.Page.navigate(Page.java:5491)
	at tests.RegisterUserTest.test(RegisterUserTest.java:14)
	at java.base/jdk.internal.reflect.DirectMethodHandleAccessor.invoke(DirectMethodHandleAccessor.java:103)
	at java.base/java.lang.reflect.Method.invoke(Method.java:580)
	at org.testng.internal.invokers.MethodInvocationHelper.invokeMethod(MethodInvocationHelper.java:141)
	at org.testng.internal.invokers.TestInvoker.invokeMethod(TestInvoker.java:687)
	at org.testng.internal.invokers.TestInvoker.invokeTestMethod(TestInvoker.java:230)
	at org.testng.internal.invokers.MethodRunner.runInSequence(MethodRunner.java:63)
	at org.testng.internal.invokers.TestInvoker$MethodInvocationAgent.invoke(TestInvoker.java:995)
	at org.testng.internal.invokers.TestInvoker.invokeTestMethods(TestInvoker.java:203)
	at org.testng.internal.invokers.TestMethodWorker.invokeTestMethods(TestMethodWorker.java:154)
	at org.testng.internal.invokers.TestMethodWorker.run(TestMethodWorker.java:134)
	at java.base/java.util.ArrayList.forEach(ArrayList.java:1596)
	at org.testng.TestRunner.privateRun(TestRunner.java:741)
	at org.testng.TestRunner.run(TestRunner.java:616)
	at org.testng.SuiteRunner.runTest(SuiteRunner.java:421)
	at org.testng.SuiteRunner.runSequentially(SuiteRunner.java:413)
	at org.testng.SuiteRunner.privateRun(SuiteRunner.java:373)
	at org.testng.SuiteRunner.run(SuiteRunner.java:312)
	at org.testng.SuiteRunnerWorker.runSuite(SuiteRunnerWorker.java:52)
	at org.testng.SuiteRunnerWorker.run(SuiteRunnerWorker.java:95)
	at org.testng.TestNG.runSuitesSequentially(TestNG.java:1274)
	at org.testng.TestNG.runSuitesLocally(TestNG.java:1208)
	at org.testng.TestNG.runSuites(TestNG.java:1112)
	at org.testng.TestNG.run(TestNG.java:1079)
	at org.apache.maven.surefire.testng.TestNGExecutor.run(TestNGExecutor.java:155)
	at org.apache.maven.surefire.testng.TestNGDirectoryTestSuite.executeMulti(TestNGDirectoryTestSuite.java:169)
	at org.apache.maven.surefire.testng.TestNGDirectoryTestSuite.execute(TestNGDirectoryTestSuite.java:88)
	at org.apache.maven.surefire.testng.TestNGProvider.invoke(TestNGProvider.java:137)
	at org.apache.maven.surefire.booter.ForkedBooter.runSuitesInProcess(ForkedBooter.java:385)
	at org.apache.maven.surefire.booter.ForkedBooter.execute(ForkedBooter.java:162)
	at org.apache.maven.surefire.booter.ForkedBooter.run(ForkedBooter.java:507)
	at org.apache.maven.surefire.booter.ForkedBooter.main(ForkedBooter.java:495)
Caused by: com.microsoft.playwright.impl.TargetClosedError: Error {
  message='Target page, context or browser has been closed
  name='TargetClosedError
  stack='TargetClosedError:Target page, context or browser has been closed
Error
    at captureRawStack (C:\Users\mjali\AppData\Local\Temp\playwright-java-17126378196027978920\package\lib\utils\isomorphic\stackTrace.js:32:17)
    at LongStandingScope._race (C:\Users\mjali\AppData\Local\Temp\playwright-java-17126378196027978920\package\lib\utils\isomorphic\manualPromise.js:87:58)
    at LongStandingScope.race (C:\Users\mjali\AppData\Local\Temp\playwright-java-17126378196027978920\package\lib\utils\isomorphic\manualPromise.js:80:17)
    at FrameDispatcher._handleCommand (C:\Users\mjali\AppData\Local\Temp\playwright-java-17126378196027978920\package\lib\server\dispatchers\dispatcher.js:90:36)
    at DispatcherConnection.dispatch (C:\Users\mjali\AppData\Local\Temp\playwright-java-17126378196027978920\package\lib\server\dispatchers\dispatcher.js:309:39)
}
Call log:
-   - navigating to "https://parabank.parasoft.com/parabank/index.htm", waiting until "load"

	at com.microsoft.playwright.impl.Connection.dispatch(Connection.java:259)
	at com.microsoft.playwright.impl.Connection.processOneMessage(Connection.java:214)
	at com.microsoft.playwright.impl.ChannelOwner.runUntil(ChannelOwner.java:136)
	... 38 more
]]></failure>
  </testcase>
  <testcase name="test" classname="tests.UpdateUserTest" time="1.368">
    <failure message="Error {&#10;  message=&apos;net::ERR_ABORTED; maybe frame was detached?&#10;  name=&apos;Error&#10;  stack=&apos;Error: net::ERR_ABORTED; maybe frame was detached?&#10;    at FrameManager.frameAbortedNavigation (C:\Users\mjali\AppData\Local\Temp\playwright-java-17126378196027978920\package\lib\server\frames.js:205:14)&#10;    at FrameManager.requestFailed (C:\Users\mjali\AppData\Local\Temp\playwright-java-17126378196027978920\package\lib\server\frames.js:255:12)&#10;    at CRNetworkManager._onLoadingFailed (C:\Users\mjali\AppData\Local\Temp\playwright-java-17126378196027978920\package\lib\server\chromium\crNetworkManager.js:461:55)&#10;    at CRSession.emit (node:events:518:28)&#10;    at C:\Users\mjali\AppData\Local\Temp\playwright-java-17126378196027978920\package\lib\server\chromium\crConnection.js:138:14&#10;}&#10;Call log:&#10;-   - navigating to &quot;https://parabank.parasoft.com/parabank/index.htm&quot;, waiting until &quot;load&quot;&#10;" type="com.microsoft.playwright.PlaywrightException"><![CDATA[com.microsoft.playwright.PlaywrightException: 
Error {
  message='net::ERR_ABORTED; maybe frame was detached?
  name='Error
  stack='Error: net::ERR_ABORTED; maybe frame was detached?
    at FrameManager.frameAbortedNavigation (C:\Users\mjali\AppData\Local\Temp\playwright-java-17126378196027978920\package\lib\server\frames.js:205:14)
    at FrameManager.requestFailed (C:\Users\mjali\AppData\Local\Temp\playwright-java-17126378196027978920\package\lib\server\frames.js:255:12)
    at CRNetworkManager._onLoadingFailed (C:\Users\mjali\AppData\Local\Temp\playwright-java-17126378196027978920\package\lib\server\chromium\crNetworkManager.js:461:55)
    at CRSession.emit (node:events:518:28)
    at C:\Users\mjali\AppData\Local\Temp\playwright-java-17126378196027978920\package\lib\server\chromium\crConnection.js:138:14
}
Call log:
-   - navigating to "https://parabank.parasoft.com/parabank/index.htm", waiting until "load"

	at com.microsoft.playwright.impl.WaitableResult.get(WaitableResult.java:56)
	at com.microsoft.playwright.impl.ChannelOwner.runUntil(ChannelOwner.java:138)
	at com.microsoft.playwright.impl.Connection.sendMessage(Connection.java:131)
	at com.microsoft.playwright.impl.ChannelOwner.sendMessage(ChannelOwner.java:124)
	at com.microsoft.playwright.impl.FrameImpl.navigateImpl(FrameImpl.java:419)
	at com.microsoft.playwright.impl.PageImpl.navigate(PageImpl.java:918)
	at com.microsoft.playwright.impl.PageImpl.navigate(PageImpl.java:42)
	at com.microsoft.playwright.Page.navigate(Page.java:5491)
	at tests.UpdateUserTest.test(UpdateUserTest.java:14)
	at java.base/jdk.internal.reflect.DirectMethodHandleAccessor.invoke(DirectMethodHandleAccessor.java:103)
	at java.base/java.lang.reflect.Method.invoke(Method.java:580)
	at org.testng.internal.invokers.MethodInvocationHelper.invokeMethod(MethodInvocationHelper.java:141)
	at org.testng.internal.invokers.TestInvoker.invokeMethod(TestInvoker.java:687)
	at org.testng.internal.invokers.TestInvoker.invokeTestMethod(TestInvoker.java:230)
	at org.testng.internal.invokers.MethodRunner.runInSequence(MethodRunner.java:63)
	at org.testng.internal.invokers.TestInvoker$MethodInvocationAgent.invoke(TestInvoker.java:995)
	at org.testng.internal.invokers.TestInvoker.invokeTestMethods(TestInvoker.java:203)
	at org.testng.internal.invokers.TestMethodWorker.invokeTestMethods(TestMethodWorker.java:154)
	at org.testng.internal.invokers.TestMethodWorker.run(TestMethodWorker.java:134)
	at java.base/java.util.ArrayList.forEach(ArrayList.java:1596)
	at org.testng.TestRunner.privateRun(TestRunner.java:741)
	at org.testng.TestRunner.run(TestRunner.java:616)
	at org.testng.SuiteRunner.runTest(SuiteRunner.java:421)
	at org.testng.SuiteRunner.runSequentially(SuiteRunner.java:413)
	at org.testng.SuiteRunner.privateRun(SuiteRunner.java:373)
	at org.testng.SuiteRunner.run(SuiteRunner.java:312)
	at org.testng.SuiteRunnerWorker.runSuite(SuiteRunnerWorker.java:52)
	at org.testng.SuiteRunnerWorker.run(SuiteRunnerWorker.java:95)
	at org.testng.TestNG.runSuitesSequentially(TestNG.java:1274)
	at org.testng.TestNG.runSuitesLocally(TestNG.java:1208)
	at org.testng.TestNG.runSuites(TestNG.java:1112)
	at org.testng.TestNG.run(TestNG.java:1079)
	at org.apache.maven.surefire.testng.TestNGExecutor.run(TestNGExecutor.java:155)
	at org.apache.maven.surefire.testng.TestNGDirectoryTestSuite.executeMulti(TestNGDirectoryTestSuite.java:169)
	at org.apache.maven.surefire.testng.TestNGDirectoryTestSuite.execute(TestNGDirectoryTestSuite.java:88)
	at org.apache.maven.surefire.testng.TestNGProvider.invoke(TestNGProvider.java:137)
	at org.apache.maven.surefire.booter.ForkedBooter.runSuitesInProcess(ForkedBooter.java:385)
	at org.apache.maven.surefire.booter.ForkedBooter.execute(ForkedBooter.java:162)
	at org.apache.maven.surefire.booter.ForkedBooter.run(ForkedBooter.java:507)
	at org.apache.maven.surefire.booter.ForkedBooter.main(ForkedBooter.java:495)
Caused by: com.microsoft.playwright.impl.DriverException: Error {
  message='net::ERR_ABORTED; maybe frame was detached?
  name='Error
  stack='Error: net::ERR_ABORTED; maybe frame was detached?
    at FrameManager.frameAbortedNavigation (C:\Users\mjali\AppData\Local\Temp\playwright-java-17126378196027978920\package\lib\server\frames.js:205:14)
    at FrameManager.requestFailed (C:\Users\mjali\AppData\Local\Temp\playwright-java-17126378196027978920\package\lib\server\frames.js:255:12)
    at CRNetworkManager._onLoadingFailed (C:\Users\mjali\AppData\Local\Temp\playwright-java-17126378196027978920\package\lib\server\chromium\crNetworkManager.js:461:55)
    at CRSession.emit (node:events:518:28)
    at C:\Users\mjali\AppData\Local\Temp\playwright-java-17126378196027978920\package\lib\server\chromium\crConnection.js:138:14
}
Call log:
-   - navigating to "https://parabank.parasoft.com/parabank/index.htm", waiting until "load"

	at com.microsoft.playwright.impl.Connection.dispatch(Connection.java:262)
	at com.microsoft.playwright.impl.Connection.processOneMessage(Connection.java:214)
	at com.microsoft.playwright.impl.ChannelOwner.runUntil(ChannelOwner.java:136)
	... 38 more
]]></failure>
  </testcase>
</testsuite>